# JRE version: Java(TM) SE Runtime Environment (17.0.5+9) (build 17.0.5+9-LTS-191)
# Java VM: Java HotSpot(TM) 64-Bit Server VM (17.0.5+9-LTS-191, mixed mode, sharing, tiered, compressed oops, compressed class ptrs, g1 gc, windows-amd64)
GC Precious Log:
 CPUs: 6 total, 6 available
 Memory: 16335M
 Large Page Support: Disabled
 NUMA Support: Disabled
 Compressed Oops: Enabled (32-bit)
 Heap Region Size: 1M
 Heap Min Capacity: 8M
 Heap Initial Capacity: 256M
 Heap Max Capacity: 2G
 Pre-touch: Disabled
 Parallel Workers: 6
 Concurrent Workers: 2
 Concurrent Refinement Workers: 6
 Periodic GC: Disabled
Heap:
 garbage-first heap   total 199680K, used 148292K [0x0000000080000000, 0x0000000100000000)
  region size 1024K, 18 young (18432K), 3 survivors (3072K)
 Metaspace       used 91748K, committed 92800K, reserved 503808K
  class space    used 12722K, committed 13184K, reserved 421888K
GC Heap History (20 events):
Event: 151.586 GC heap before
{Heap before GC invocations=35 (full 0):
 garbage-first heap   total 178176K, used 134884K [0x0000000080000000, 0x0000000100000000)
  region size 1024K, 60 young (61440K), 8 survivors (8192K)
 Metaspace       used 80657K, committed 81408K, reserved 495616K
  class space    used 11228K, committed 11584K, reserved 421888K
}
Event: 151.591 GC heap after
{Heap after GC invocations=36 (full 0):
 garbage-first heap   total 178176K, used 86934K [0x0000000080000000, 0x0000000100000000)
  region size 1024K, 6 young (6144K), 6 survivors (6144K)
 Metaspace       used 80657K, committed 81408K, reserved 495616K
  class space    used 11228K, committed 11584K, reserved 421888K
}
Event: 164.253 GC heap before
{Heap before GC invocations=36 (full 0):
 garbage-first heap   total 178176K, used 138134K [0x0000000080000000, 0x0000000100000000)
  region size 1024K, 56 young (57344K), 6 survivors (6144K)
 Metaspace       used 82245K, committed 83072K, reserved 495616K
  class space    used 11466K, committed 11840K, reserved 421888K
}
Event: 164.259 GC heap after
{Heap after GC invocations=37 (full 0):
 garbage-first heap   total 178176K, used 93383K [0x0000000080000000, 0x0000000100000000)
  region size 1024K, 7 young (7168K), 7 survivors (7168K)
 Metaspace       used 82245K, committed 83072K, reserved 495616K
  class space    used 11466K, committed 11840K, reserved 421888K
}
Event: 172.308 GC heap before
{Heap before GC invocations=38 (full 0):
 garbage-first heap   total 178176K, used 147655K [0x0000000080000000, 0x0000000100000000)
  region size 1024K, 53 young (54272K), 7 survivors (7168K)
 Metaspace       used 82649K, committed 83520K, reserved 495616K
  class space    used 11483K, committed 11904K, reserved 421888K
}
Event: 172.315 GC heap after
{Heap after GC invocations=39 (full 0):
 garbage-first heap   total 178176K, used 111226K [0x0000000080000000, 0x0000000100000000)
  region size 1024K, 7 young (7168K), 7 survivors (7168K)
 Metaspace       used 82649K, committed 83520K, reserved 495616K
  class space    used 11483K, committed 11904K, reserved 421888K
}
Event: 172.329 GC heap before
{Heap before GC invocations=39 (full 0):
 garbage-first heap   total 178176K, used 111226K [0x0000000080000000, 0x0000000100000000)
  region size 1024K, 8 young (8192K), 7 survivors (7168K)
 Metaspace       used 82649K, committed 83520K, reserved 495616K
  class space    used 11483K, committed 11904K, reserved 421888K
}
Event: 172.332 GC heap after
{Heap after GC invocations=40 (full 0):
 garbage-first heap   total 178176K, used 112084K [0x0000000080000000, 0x0000000100000000)
  region size 1024K, 1 young (1024K), 1 survivors (1024K)
 Metaspace       used 82649K, committed 83520K, reserved 495616K
  class space    used 11483K, committed 11904K, reserved 421888K
}
Event: 172.749 GC heap before
{Heap before GC invocations=40 (full 0):
 garbage-first heap   total 178176K, used 142804K [0x0000000080000000, 0x0000000100000000)
  region size 1024K, 31 young (31744K), 1 survivors (1024K)
 Metaspace       used 84936K, committed 85824K, reserved 503808K
  class space    used 11808K, committed 12224K, reserved 421888K
}
Event: 172.753 GC heap after
{Heap after GC invocations=41 (full 0):
 garbage-first heap   total 178176K, used 116222K [0x0000000080000000, 0x0000000100000000)
  region size 1024K, 4 young (4096K), 4 survivors (4096K)
 Metaspace       used 84936K, committed 85824K, reserved 503808K
  class space    used 11808K, committed 12224K, reserved 421888K
}
Event: 178.607 GC heap before
{Heap before GC invocations=42 (full 0):
 garbage-first heap   total 199680K, used 143870K [0x0000000080000000, 0x0000000100000000)
  region size 1024K, 31 young (31744K), 4 survivors (4096K)
 Metaspace       used 85569K, committed 86464K, reserved 503808K
  class space    used 11875K, committed 12288K, reserved 421888K
}
Event: 178.612 GC heap after
{Heap after GC invocations=43 (full 0):
 garbage-first heap   total 199680K, used 122202K [0x0000000080000000, 0x0000000100000000)
  region size 1024K, 4 young (4096K), 4 survivors (4096K)
 Metaspace       used 85569K, committed 86464K, reserved 503808K
  class space    used 11875K, committed 12288K, reserved 421888K
}
Event: 179.305 GC heap before
{Heap before GC invocations=43 (full 0):
 garbage-first heap   total 199680K, used 126298K [0x0000000080000000, 0x0000000100000000)
  region size 1024K, 9 young (9216K), 4 survivors (4096K)
 Metaspace       used 85575K, committed 86464K, reserved 503808K
  class space    used 11875K, committed 12288K, reserved 421888K
}
Event: 179.310 GC heap after
{Heap after GC invocations=44 (full 0):
 garbage-first heap   total 199680K, used 122088K [0x0000000080000000, 0x0000000100000000)
  region size 1024K, 2 young (2048K), 2 survivors (2048K)
 Metaspace       used 85575K, committed 86464K, reserved 503808K
  class space    used 11875K, committed 12288K, reserved 421888K
}
Event: 180.236 GC heap before
{Heap before GC invocations=44 (full 0):
 garbage-first heap   total 199680K, used 159976K [0x0000000080000000, 0x0000000100000000)
  region size 1024K, 37 young (37888K), 2 survivors (2048K)
 Metaspace       used 86728K, committed 87680K, reserved 503808K
  class space    used 12065K, committed 12480K, reserved 421888K
}
Event: 180.239 GC heap after
{Heap after GC invocations=45 (full 0):
 garbage-first heap   total 199680K, used 130616K [0x0000000080000000, 0x0000000100000000)
  region size 1024K, 5 young (5120K), 5 survivors (5120K)
 Metaspace       used 86728K, committed 87680K, reserved 503808K
  class space    used 12065K, committed 12480K, reserved 421888K
}
Event: 182.466 GC heap before
{Heap before GC invocations=45 (full 0):
 garbage-first heap   total 199680K, used 161336K [0x0000000080000000, 0x0000000100000000)
  region size 1024K, 35 young (35840K), 5 survivors (5120K)
 Metaspace       used 89344K, committed 90368K, reserved 503808K
  class space    used 12361K, committed 12800K, reserved 421888K
}
Event: 182.471 GC heap after
{Heap after GC invocations=46 (full 0):
 garbage-first heap   total 199680K, used 132655K [0x0000000080000000, 0x0000000100000000)
  region size 1024K, 2 young (2048K), 2 survivors (2048K)
 Metaspace       used 89344K, committed 90368K, reserved 503808K
  class space    used 12361K, committed 12800K, reserved 421888K
}
Event: 182.818 GC heap before
{Heap before GC invocations=46 (full 0):
 garbage-first heap   total 199680K, used 163375K [0x0000000080000000, 0x0000000100000000)
  region size 1024K, 32 young (32768K), 2 survivors (2048K)
 Metaspace       used 90948K, committed 91968K, reserved 503808K
  class space    used 12605K, committed 13056K, reserved 421888K
}
Event: 182.821 GC heap after
{Heap after GC invocations=47 (full 0):
 garbage-first heap   total 199680K, used 133956K [0x0000000080000000, 0x0000000100000000)
  region size 1024K, 3 young (3072K), 3 survivors (3072K)
 Metaspace       used 90948K, committed 91968K, reserved 503808K
  class space    used 12605K, committed 13056K, reserved 421888K
}

