# JRE version: Java(TM) SE Runtime Environment (17.0.5+9) (build 17.0.5+9-LTS-191)
# Java VM: Java HotSpot(TM) 64-Bit Server VM (17.0.5+9-LTS-191, mixed mode, sharing, tiered, compressed oops, compressed class ptrs, g1 gc, windows-amd64)
GC Precious Log:
 CPUs: 6 total, 6 available
 Memory: 16335M
 Large Page Support: Disabled
 NUMA Support: Disabled
 Compressed Oops: Enabled (32-bit)
 Heap Region Size: 1M
 Heap Min Capacity: 8M
 Heap Initial Capacity: 256M
 Heap Max Capacity: 2G
 Pre-touch: Disabled
 Parallel Workers: 6
 Concurrent Workers: 2
 Concurrent Refinement Workers: 6
 Periodic GC: Disabled
Heap:
 garbage-first heap   total 215040K, used 156070K [0x0000000080000000, 0x0000000100000000)
  region size 1024K, 29 young (29696K), 1 survivors (1024K)
 Metaspace       used 88804K, committed 89792K, reserved 503808K
  class space    used 12282K, committed 12736K, reserved 421888K
GC Heap History (20 events):
Event: 184.404 GC heap before
{Heap before GC invocations=52 (full 0):
 garbage-first heap   total 147456K, used 118378K [0x0000000080000000, 0x0000000100000000)
  region size 1024K, 30 young (30720K), 1 survivors (1024K)
 Metaspace       used 82261K, committed 83136K, reserved 495616K
  class space    used 11463K, committed 11840K, reserved 421888K
}
Event: 184.408 GC heap after
{Heap after GC invocations=53 (full 0):
 garbage-first heap   total 147456K, used 94615K [0x0000000080000000, 0x0000000100000000)
  region size 1024K, 4 young (4096K), 4 survivors (4096K)
 Metaspace       used 82261K, committed 83136K, reserved 495616K
  class space    used 11463K, committed 11840K, reserved 421888K
}
Event: 186.742 GC heap before
{Heap before GC invocations=53 (full 0):
 garbage-first heap   total 147456K, used 118167K [0x0000000080000000, 0x0000000100000000)
  region size 1024K, 28 young (28672K), 4 survivors (4096K)
 Metaspace       used 82555K, committed 83392K, reserved 495616K
  class space    used 11472K, committed 11840K, reserved 421888K
}
Event: 186.748 GC heap after
{Heap after GC invocations=54 (full 0):
 garbage-first heap   total 147456K, used 98944K [0x0000000080000000, 0x0000000100000000)
  region size 1024K, 4 young (4096K), 4 survivors (4096K)
 Metaspace       used 82555K, committed 83392K, reserved 495616K
  class space    used 11472K, committed 11840K, reserved 421888K
}
Event: 191.053 GC heap before
{Heap before GC invocations=54 (full 0):
 garbage-first heap   total 147456K, used 106112K [0x0000000080000000, 0x0000000100000000)
  region size 1024K, 12 young (12288K), 4 survivors (4096K)
 Metaspace       used 82589K, committed 83456K, reserved 495616K
  class space    used 11475K, committed 11904K, reserved 421888K
}
Event: 191.055 GC heap after
{Heap after GC invocations=55 (full 0):
 garbage-first heap   total 147456K, used 97688K [0x0000000080000000, 0x0000000100000000)
  region size 1024K, 1 young (1024K), 1 survivors (1024K)
 Metaspace       used 82589K, committed 83456K, reserved 495616K
  class space    used 11475K, committed 11904K, reserved 421888K
}
Event: 194.496 GC heap before
{Heap before GC invocations=56 (full 0):
 garbage-first heap   total 168960K, used 128408K [0x0000000080000000, 0x0000000100000000)
  region size 1024K, 24 young (24576K), 1 survivors (1024K)
 Metaspace       used 84028K, committed 84928K, reserved 495616K
  class space    used 11663K, committed 12096K, reserved 421888K
}
Event: 194.499 GC heap after
{Heap after GC invocations=57 (full 0):
 garbage-first heap   total 168960K, used 113301K [0x0000000080000000, 0x0000000100000000)
  region size 1024K, 3 young (3072K), 3 survivors (3072K)
 Metaspace       used 84028K, committed 84928K, reserved 495616K
  class space    used 11663K, committed 12096K, reserved 421888K
}
Event: 194.648 GC heap before
{Heap before GC invocations=57 (full 0):
 garbage-first heap   total 168960K, used 118421K [0x0000000080000000, 0x0000000100000000)
  region size 1024K, 8 young (8192K), 3 survivors (3072K)
 Metaspace       used 84435K, committed 85312K, reserved 495616K
  class space    used 11736K, committed 12160K, reserved 421888K
}
Event: 194.651 GC heap after
{Heap after GC invocations=58 (full 0):
 garbage-first heap   total 168960K, used 113389K [0x0000000080000000, 0x0000000100000000)
  region size 1024K, 1 young (1024K), 1 survivors (1024K)
 Metaspace       used 84435K, committed 85312K, reserved 495616K
  class space    used 11736K, committed 12160K, reserved 421888K
}
Event: 209.781 GC heap before
{Heap before GC invocations=58 (full 0):
 garbage-first heap   total 168960K, used 135917K [0x0000000080000000, 0x0000000100000000)
  region size 1024K, 23 young (23552K), 1 survivors (1024K)
 Metaspace       used 85236K, committed 86144K, reserved 503808K
  class space    used 11845K, committed 12288K, reserved 421888K
}
Event: 209.783 GC heap after
{Heap after GC invocations=59 (full 0):
 garbage-first heap   total 168960K, used 117047K [0x0000000080000000, 0x0000000100000000)
  region size 1024K, 3 young (3072K), 3 survivors (3072K)
 Metaspace       used 85236K, committed 86144K, reserved 503808K
  class space    used 11845K, committed 12288K, reserved 421888K
}
Event: 215.003 GC heap before
{Heap before GC invocations=59 (full 0):
 garbage-first heap   total 168960K, used 137527K [0x0000000080000000, 0x0000000100000000)
  region size 1024K, 24 young (24576K), 3 survivors (3072K)
 Metaspace       used 85504K, committed 86400K, reserved 503808K
  class space    used 11865K, committed 12288K, reserved 421888K
}
Event: 215.006 GC heap after
{Heap after GC invocations=60 (full 0):
 garbage-first heap   total 168960K, used 121296K [0x0000000080000000, 0x0000000100000000)
  region size 1024K, 3 young (3072K), 3 survivors (3072K)
 Metaspace       used 85504K, committed 86400K, reserved 503808K
  class space    used 11865K, committed 12288K, reserved 421888K
}
Event: 218.910 GC heap before
{Heap before GC invocations=60 (full 0):
 garbage-first heap   total 168960K, used 127440K [0x0000000080000000, 0x0000000100000000)
  region size 1024K, 10 young (10240K), 3 survivors (3072K)
 Metaspace       used 85558K, committed 86464K, reserved 503808K
  class space    used 11870K, committed 12288K, reserved 421888K
}
Event: 218.912 GC heap after
{Heap after GC invocations=61 (full 0):
 garbage-first heap   total 168960K, used 122642K [0x0000000080000000, 0x0000000100000000)
  region size 1024K, 3 young (3072K), 3 survivors (3072K)
 Metaspace       used 85558K, committed 86464K, reserved 503808K
  class space    used 11870K, committed 12288K, reserved 421888K
}
Event: 219.312 GC heap before
{Heap before GC invocations=62 (full 0):
 garbage-first heap   total 215040K, used 142098K [0x0000000080000000, 0x0000000100000000)
  region size 1024K, 20 young (20480K), 3 survivors (3072K)
 Metaspace       used 86032K, committed 87040K, reserved 503808K
  class space    used 11965K, committed 12416K, reserved 421888K
}
Event: 219.315 GC heap after
{Heap after GC invocations=63 (full 0):
 garbage-first heap   total 215040K, used 128000K [0x0000000080000000, 0x0000000100000000)
  region size 1024K, 3 young (3072K), 3 survivors (3072K)
 Metaspace       used 86032K, committed 87040K, reserved 503808K
  class space    used 11965K, committed 12416K, reserved 421888K
}
Event: 219.413 GC heap before
{Heap before GC invocations=63 (full 0):
 garbage-first heap   total 215040K, used 135168K [0x0000000080000000, 0x0000000100000000)
  region size 1024K, 10 young (10240K), 3 survivors (3072K)
 Metaspace       used 86184K, committed 87168K, reserved 503808K
  class space    used 11994K, committed 12416K, reserved 421888K
}
Event: 219.417 GC heap after
{Heap after GC invocations=64 (full 0):
 garbage-first heap   total 215040K, used 128422K [0x0000000080000000, 0x0000000100000000)
  region size 1024K, 1 young (1024K), 1 survivors (1024K)
 Metaspace       used 86184K, committed 87168K, reserved 503808K
  class space    used 11994K, committed 12416K, reserved 421888K
}

