# JRE version: Java(TM) SE Runtime Environment (17.0.5+9) (build 17.0.5+9-LTS-191)
# Java VM: Java HotSpot(TM) 64-Bit Server VM (17.0.5+9-LTS-191, mixed mode, sharing, tiered, compressed oops, compressed class ptrs, g1 gc, windows-amd64)
GC Precious Log:
 CPUs: 6 total, 6 available
 Memory: 16335M
 Large Page Support: Disabled
 NUMA Support: Disabled
 Compressed Oops: Enabled (32-bit)
 Heap Region Size: 1M
 Heap Min Capacity: 8M
 Heap Initial Capacity: 256M
 Heap Max Capacity: 2G
 Pre-touch: Disabled
 Parallel Workers: 6
 Concurrent Workers: 2
 Concurrent Refinement Workers: 6
 Periodic GC: Disabled
Heap:
 garbage-first heap   total 78848K, used 53976K [0x0000000080000000, 0x0000000100000000)
  region size 1024K, 44 young (45056K), 11 survivors (11264K)
 Metaspace       used 28010K, committed 28416K, reserved 446464K
  class space    used 3957K, committed 4160K, reserved 421888K
GC Heap History (8 events):
Event: 3.554 GC heap before
{Heap before GC invocations=0 (full 0):
 garbage-first heap   total 262144K, used 24576K [0x0000000080000000, 0x0000000100000000)
  region size 1024K, 21 young (21504K), 0 survivors (0K)
 Metaspace       used 2853K, committed 3008K, reserved 430080K
  class space    used 362K, committed 448K, reserved 421888K
}
Event: 3.606 GC heap after
{Heap after GC invocations=1 (full 0):
 garbage-first heap   total 262144K, used 10200K [0x0000000080000000, 0x0000000100000000)
  region size 1024K, 3 young (3072K), 3 survivors (3072K)
 Metaspace       used 2853K, committed 3008K, reserved 430080K
  class space    used 362K, committed 448K, reserved 421888K
}
Event: 10.535 GC heap before
{Heap before GC invocations=1 (full 0):
 garbage-first heap   total 262144K, used 32728K [0x0000000080000000, 0x0000000100000000)
  region size 1024K, 25 young (25600K), 3 survivors (3072K)
 Metaspace       used 3920K, committed 4096K, reserved 430080K
  class space    used 479K, committed 576K, reserved 421888K
}
Event: 10.536 GC heap after
{Heap after GC invocations=2 (full 0):
 garbage-first heap   total 262144K, used 11078K [0x0000000080000000, 0x0000000100000000)
  region size 1024K, 1 young (1024K), 1 survivors (1024K)
 Metaspace       used 3920K, committed 4096K, reserved 430080K
  class space    used 479K, committed 576K, reserved 421888K
}
Event: 38.180 GC heap before
{Heap before GC invocations=2 (full 0):
 garbage-first heap   total 262144K, used 102214K [0x0000000080000000, 0x0000000100000000)
  region size 1024K, 89 young (91136K), 1 survivors (1024K)
 Metaspace       used 18337K, committed 18624K, reserved 446464K
  class space    used 2693K, committed 2816K, reserved 421888K
}
Event: 38.187 GC heap after
{Heap after GC invocations=3 (full 0):
 garbage-first heap   total 262144K, used 21167K [0x0000000080000000, 0x0000000100000000)
  region size 1024K, 11 young (11264K), 11 survivors (11264K)
 Metaspace       used 18337K, committed 18624K, reserved 446464K
  class space    used 2693K, committed 2816K, reserved 421888K
}
Event: 39.451 GC heap before
{Heap before GC invocations=3 (full 0):
 garbage-first heap   total 262144K, used 43695K [0x0000000080000000, 0x0000000100000000)
  region size 1024K, 34 young (34816K), 11 survivors (11264K)
 Metaspace       used 21188K, committed 21504K, reserved 446464K
  class space    used 3130K, committed 3264K, reserved 421888K
}
Event: 39.456 GC heap after
{Heap after GC invocations=4 (full 0):
 garbage-first heap   total 262144K, used 22232K [0x0000000080000000, 0x0000000100000000)
  region size 1024K, 11 young (11264K), 11 survivors (11264K)
 Metaspace       used 21188K, committed 21504K, reserved 446464K
  class space    used 3130K, committed 3264K, reserved 421888K
}

